<?xml version="1.0" encoding="UTF-8"?>
<testExecutions version="1">
  <file path="/Users/raphael.prado/dev/react-ts-vite-boilerplate/src/ui/pages/Home/Home.test.tsx">
  </file>
</testExecutions>